=== CMake Build Log ===
Compiling: 2025-07-10 10:10:58
=======================

 # ---- Project Configuration ----
## Set Logic Source for Tests
TEST_LOGIC_SRC = "tests/test_logic.cpp"
## Test output paths
TEST_OUTPUT_DIRECTORY = "/home/arthur/Desktop/triangle_detector_cpp.Project/tests/current_output"
TEST_OUTPUT_ARCHIVE_DIRECTORY = "/home/arthur/Desktop/triangle_detector_cpp.Project/tests/archive_current_output"
CPU_TEST_OUTPUT_DIRECTORIES = "/home/arthur/Desktop/triangle_detector_cpp.Project/tests/current_output;/home/arthur/Desktop/triangle_detector_cpp.Project/tests/archive_current_output"
CUDA_OPENCV_TEST_OUTPUT_DIRECTORIES = "/home/arthur/Desktop/triangle_detector_cpp.Project/tests/current_output;/home/arthur/Desktop/triangle_detector_cpp.Project/tests/archive_current_output"
ALL_TESTS_OUTPUT_DIRECTORIES = "/home/arthur/Desktop/triangle_detector_cpp.Project/tests/current_output;/home/arthur/Desktop/triangle_detector_cpp.Project/tests/archive_current_output"  ## additional output directory list
## Debug Targets
DEBUG_DEFINES = "ENABLE_DEBUG_IMAGES;ON;DEBUG_IMAGE_DIR="/home/arthur/Desktop/triangle_detector_cpp.Project/tests/current_output/debug";TEST_OUTPUT_DIRECTORY="/home/arthur/Desktop/triangle_detector_cpp.Project/tests/current_output";TEST_OUTPUT_ARCHIVE_DIRECTORY="/home/arthur/Desktop/triangle_detector_cpp.Project/tests/archive_current_output""
CPU_DEBUG_SRC = "src/debug.cpp"
DEBUG_DEFINES_CPU = "ENABLE_DEBUG_IMAGES;ON;DEBUG_IMAGE_DIR="/home/arthur/Desktop/triangle_detector_cpp.Project/tests/current_output/debug";TEST_OUTPUT_DIRECTORY="/home/arthur/Desktop/triangle_detector_cpp.Project/tests/current_output";TEST_OUTPUT_ARCHIVE_DIRECTORY="/home/arthur/Desktop/triangle_detector_cpp.Project/tests/archive_current_output""
DEBUG_DEFINES_CUDA_OPENCV = "ENABLE_DEBUG_IMAGES;ON;DEBUG_IMAGE_DIR="/home/arthur/Desktop/triangle_detector_cpp.Project/tests/current_output/debug";TEST_OUTPUT_DIRECTORY="/home/arthur/Desktop/triangle_detector_cpp.Project/tests/current_output";TEST_OUTPUT_ARCHIVE_DIRECTORY="/home/arthur/Desktop/triangle_detector_cpp.Project/tests/archive_current_output""
CUDA_OPENCV_DEBUG_SRC = "src/debug.cpp;src/debug.cu"
# ---- Projects Compilation ----
CPU_LINK_LIBS = "opencv_calib3d;opencv_core;opencv_dnn;opencv_features2d;opencv_flann;opencv_gapi;opencv_highgui;opencv_imgcodecs;opencv_imgproc;opencv_ml;opencv_objdetect;opencv_photo;opencv_stitching;opencv_video;opencv_videoio;opencv_aruco;opencv_bgsegm;opencv_bioinspired;opencv_ccalib;opencv_cudaarithm;opencv_cudabgsegm;opencv_cudacodec;opencv_cudafeatures2d;opencv_cudafilters;opencv_cudaimgproc;opencv_cudalegacy;opencv_cudaobjdetect;opencv_cudaoptflow;opencv_cudastereo;opencv_cudawarping;opencv_cudev;opencv_datasets;opencv_dnn_objdetect;opencv_dnn_superres;opencv_dpm;opencv_face;opencv_freetype;opencv_fuzzy;opencv_hfs;opencv_img_hash;opencv_intensity_transform;opencv_line_descriptor;opencv_mcc;opencv_optflow;opencv_phase_unwrapping;opencv_plot;opencv_quality;opencv_rapid;opencv_reg;opencv_rgbd;opencv_saliency;opencv_shape;opencv_signal;opencv_stereo;opencv_structured_light;opencv_superres;opencv_surface_matching;opencv_text;opencv_tracking;opencv_videostab;opencv_wechat_qrcode;opencv_xfeatures2d;opencv_ximgproc;opencv_xobjdetect;opencv_xphoto"
CUDA_OPENCV_LINK_LIBS = "opencv_calib3d;opencv_core;opencv_dnn;opencv_features2d;opencv_flann;opencv_gapi;opencv_highgui;opencv_imgcodecs;opencv_imgproc;opencv_ml;opencv_objdetect;opencv_photo;opencv_stitching;opencv_video;opencv_videoio;opencv_aruco;opencv_bgsegm;opencv_bioinspired;opencv_ccalib;opencv_cudaarithm;opencv_cudabgsegm;opencv_cudacodec;opencv_cudafeatures2d;opencv_cudafilters;opencv_cudaimgproc;opencv_cudalegacy;opencv_cudaobjdetect;opencv_cudaoptflow;opencv_cudastereo;opencv_cudawarping;opencv_cudev;opencv_datasets;opencv_dnn_objdetect;opencv_dnn_superres;opencv_dpm;opencv_face;opencv_freetype;opencv_fuzzy;opencv_hfs;opencv_img_hash;opencv_intensity_transform;opencv_line_descriptor;opencv_mcc;opencv_optflow;opencv_phase_unwrapping;opencv_plot;opencv_quality;opencv_rapid;opencv_reg;opencv_rgbd;opencv_saliency;opencv_shape;opencv_signal;opencv_stereo;opencv_structured_light;opencv_superres;opencv_surface_matching;opencv_text;opencv_tracking;opencv_videostab;opencv_wechat_qrcode;opencv_xfeatures2d;opencv_ximgproc;opencv_xobjdetect;opencv_xphoto;opencv_cudaimgproc;cuda"
# ---- Projects Logs ----
LOG_FILE_PATH = "/home/arthur/Desktop/triangle_detector_cpp.Project/logs/cmake_logs.log
ERROR_FILE_PATH = "/home/arthur/Desktop/triangle_detector_cpp.Project/logs/cmake_errors.log"

# ---- CMake Configuration ----
cmake_minimum_required(VERSION 3.19)
project(triangle_detector_cpp VERSION 1.0.0 LANGUAGES CXX;CUDA)
# ---- Global Configuration ----
CMAKE_BUILD_TYPE = "Debug"
enable_language(CUDA)
CMAKE_CXX_STANDARD_REQUIRED = "ON"
CMAKE_CUDA_STANDARD_REQUIRED = "ON"
CMAKE_CXX_STANDARD = "20"
CMAKE_CUDA_STANDARD = "17"
CMAKE_CUDA_ARCHITECTURES = "89"  ## Set inside CMakePresets.json
CMAKE_CUDA_COMPILER = "/usr/local/cuda/bin/nvcc" # CUDA Path ## Set inside CMakePresets.json
OpenCV_INCLUDE_DIRS = "/usr/local/include/opencv4"
OpenCV_LIBS = "opencv_calib3d;opencv_core;opencv_dnn;opencv_features2d;opencv_flann;opencv_gapi;opencv_highgui;opencv_imgcodecs;opencv_imgproc;opencv_ml;opencv_objdetect;opencv_photo;opencv_stitching;opencv_video;opencv_videoio;opencv_aruco;opencv_bgsegm;opencv_bioinspired;opencv_ccalib;opencv_cudaarithm;opencv_cudabgsegm;opencv_cudacodec;opencv_cudafeatures2d;opencv_cudafilters;opencv_cudaimgproc;opencv_cudalegacy;opencv_cudaobjdetect;opencv_cudaoptflow;opencv_cudastereo;opencv_cudawarping;opencv_cudev;opencv_datasets;opencv_dnn_objdetect;opencv_dnn_superres;opencv_dpm;opencv_face;opencv_freetype;opencv_fuzzy;opencv_hfs;opencv_img_hash;opencv_intensity_transform;opencv_line_descriptor;opencv_mcc;opencv_optflow;opencv_phase_unwrapping;opencv_plot;opencv_quality;opencv_rapid;opencv_reg;opencv_rgbd;opencv_saliency;opencv_shape;opencv_signal;opencv_stereo;opencv_structured_light;opencv_superres;opencv_surface_matching;opencv_text;opencv_tracking;opencv_videostab;opencv_wechat_qrcode;opencv_xfeatures2d;opencv_ximgproc;opencv_xobjdetect;opencv_xphoto"
CMAKE_CUDA_FLAGS = " -Xptxas -O3 -DNDEBUG"
CMAKE_POSITION_INDEPENDENT_CODE = "ON" ## Library build
add_compile_options(-Wall;-Wextra;-Wno-unused-parameter) ## Show errors on production
include_directories(/home/arthur/Desktop/triangle_detector_cpp.Project/include) ## Project Include Directories
add_compile_definitions(DEBUG_IMAGE_DEFAULT_DIR="/home/arthur/Desktop/triangle_detector_cpp.Project/debug") ## Project Debug Default Configuration
## Dependencies
find_package(OpenCV REQUIRED)
add_subdirectory(third_party/googletest)
enable_testing()
include(GoogleTest)

add_custom_target: triangle_detector_cpu
        TYPE: LIBRARY
        SOURCES: src/cpp/shape_detector_cpp.cpp;src/shared/shared_utils.cpp;src/cpp/utils_cpp.cpp
        LIBRARY_TYPE: 
        INCLUDES: 
        LINK_LIBS: opencv_calib3d;opencv_core;opencv_dnn;opencv_features2d;opencv_flann;opencv_gapi;opencv_highgui;opencv_imgcodecs;opencv_imgproc;opencv_ml;opencv_objdetect;opencv_photo;opencv_stitching;opencv_video;opencv_videoio;opencv_aruco;opencv_bgsegm;opencv_bioinspired;opencv_ccalib;opencv_cudaarithm;opencv_cudabgsegm;opencv_cudacodec;opencv_cudafeatures2d;opencv_cudafilters;opencv_cudaimgproc;opencv_cudalegacy;opencv_cudaobjdetect;opencv_cudaoptflow;opencv_cudastereo;opencv_cudawarping;opencv_cudev;opencv_datasets;opencv_dnn_objdetect;opencv_dnn_superres;opencv_dpm;opencv_face;opencv_freetype;opencv_fuzzy;opencv_hfs;opencv_img_hash;opencv_intensity_transform;opencv_line_descriptor;opencv_mcc;opencv_optflow;opencv_phase_unwrapping;opencv_plot;opencv_quality;opencv_rapid;opencv_reg;opencv_rgbd;opencv_saliency;opencv_shape;opencv_signal;opencv_stereo;opencv_structured_light;opencv_superres;opencv_surface_matching;opencv_text;opencv_tracking;opencv_videostab;opencv_wechat_qrcode;opencv_xfeatures2d;opencv_ximgproc;opencv_xobjdetect;opencv_xphoto
        DEFINES: 
        OUTPUT_DIR: 
    
add_custom_target: triangle_detector_cpu_logic
        TYPE: LIBRARY
        SOURCES: src/cpp/shape_detector_cpp.cpp;src/shared/shared_utils.cpp;src/cpp/utils_cpp.cpp;src/shared/shape_detector_logic.cpp
        LIBRARY_TYPE: 
        INCLUDES: 
        LINK_LIBS: opencv_calib3d;opencv_core;opencv_dnn;opencv_features2d;opencv_flann;opencv_gapi;opencv_highgui;opencv_imgcodecs;opencv_imgproc;opencv_ml;opencv_objdetect;opencv_photo;opencv_stitching;opencv_video;opencv_videoio;opencv_aruco;opencv_bgsegm;opencv_bioinspired;opencv_ccalib;opencv_cudaarithm;opencv_cudabgsegm;opencv_cudacodec;opencv_cudafeatures2d;opencv_cudafilters;opencv_cudaimgproc;opencv_cudalegacy;opencv_cudaobjdetect;opencv_cudaoptflow;opencv_cudastereo;opencv_cudawarping;opencv_cudev;opencv_datasets;opencv_dnn_objdetect;opencv_dnn_superres;opencv_dpm;opencv_face;opencv_freetype;opencv_fuzzy;opencv_hfs;opencv_img_hash;opencv_intensity_transform;opencv_line_descriptor;opencv_mcc;opencv_optflow;opencv_phase_unwrapping;opencv_plot;opencv_quality;opencv_rapid;opencv_reg;opencv_rgbd;opencv_saliency;opencv_shape;opencv_signal;opencv_stereo;opencv_structured_light;opencv_superres;opencv_surface_matching;opencv_text;opencv_tracking;opencv_videostab;opencv_wechat_qrcode;opencv_xfeatures2d;opencv_ximgproc;opencv_xobjdetect;opencv_xphoto
        DEFINES: 
        OUTPUT_DIR: 
    
add_custom_target: triangle_detector_cpp_for_test
        TYPE: LIBRARY
        SOURCES: src/cpp/shape_detector_cpp.cpp;src/shared/shared_utils.cpp;src/cpp/utils_cpp.cpp;src/debug.cpp
        LIBRARY_TYPE: 
        INCLUDES: 
        LINK_LIBS: opencv_calib3d;opencv_core;opencv_dnn;opencv_features2d;opencv_flann;opencv_gapi;opencv_highgui;opencv_imgcodecs;opencv_imgproc;opencv_ml;opencv_objdetect;opencv_photo;opencv_stitching;opencv_video;opencv_videoio;opencv_aruco;opencv_bgsegm;opencv_bioinspired;opencv_ccalib;opencv_cudaarithm;opencv_cudabgsegm;opencv_cudacodec;opencv_cudafeatures2d;opencv_cudafilters;opencv_cudaimgproc;opencv_cudalegacy;opencv_cudaobjdetect;opencv_cudaoptflow;opencv_cudastereo;opencv_cudawarping;opencv_cudev;opencv_datasets;opencv_dnn_objdetect;opencv_dnn_superres;opencv_dpm;opencv_face;opencv_freetype;opencv_fuzzy;opencv_hfs;opencv_img_hash;opencv_intensity_transform;opencv_line_descriptor;opencv_mcc;opencv_optflow;opencv_phase_unwrapping;opencv_plot;opencv_quality;opencv_rapid;opencv_reg;opencv_rgbd;opencv_saliency;opencv_shape;opencv_signal;opencv_stereo;opencv_structured_light;opencv_superres;opencv_surface_matching;opencv_text;opencv_tracking;opencv_videostab;opencv_wechat_qrcode;opencv_xfeatures2d;opencv_ximgproc;opencv_xobjdetect;opencv_xphoto
        DEFINES: ENABLE_DEBUG_IMAGES;ON;DEBUG_IMAGE_DIR="/home/arthur/Desktop/triangle_detector_cpp.Project/tests/current_output/debug";TEST_OUTPUT_DIRECTORY="/home/arthur/Desktop/triangle_detector_cpp.Project/tests/current_output";TEST_OUTPUT_ARCHIVE_DIRECTORY="/home/arthur/Desktop/triangle_detector_cpp.Project/tests/archive_current_output"
        OUTPUT_DIR: 
    
add_custom_target: triangle_detector_cuda_opencv
        TYPE: LIBRARY
        SOURCES: src/cuda_opencv/shape_detector_cuda_opencv.cu;src/shared/shared_utils.cpp;src/shared/shared_utils.cu;src/cuda_opencv/utils_cuda_opencv.cu
        LIBRARY_TYPE: 
        INCLUDES: 
        LINK_LIBS: opencv_calib3d;opencv_core;opencv_dnn;opencv_features2d;opencv_flann;opencv_gapi;opencv_highgui;opencv_imgcodecs;opencv_imgproc;opencv_ml;opencv_objdetect;opencv_photo;opencv_stitching;opencv_video;opencv_videoio;opencv_aruco;opencv_bgsegm;opencv_bioinspired;opencv_ccalib;opencv_cudaarithm;opencv_cudabgsegm;opencv_cudacodec;opencv_cudafeatures2d;opencv_cudafilters;opencv_cudaimgproc;opencv_cudalegacy;opencv_cudaobjdetect;opencv_cudaoptflow;opencv_cudastereo;opencv_cudawarping;opencv_cudev;opencv_datasets;opencv_dnn_objdetect;opencv_dnn_superres;opencv_dpm;opencv_face;opencv_freetype;opencv_fuzzy;opencv_hfs;opencv_img_hash;opencv_intensity_transform;opencv_line_descriptor;opencv_mcc;opencv_optflow;opencv_phase_unwrapping;opencv_plot;opencv_quality;opencv_rapid;opencv_reg;opencv_rgbd;opencv_saliency;opencv_shape;opencv_signal;opencv_stereo;opencv_structured_light;opencv_superres;opencv_surface_matching;opencv_text;opencv_tracking;opencv_videostab;opencv_wechat_qrcode;opencv_xfeatures2d;opencv_ximgproc;opencv_xobjdetect;opencv_xphoto;opencv_cudaimgproc;cuda
        DEFINES: 
        OUTPUT_DIR: 
    
add_custom_target: triangle_detector_cuda_opencv_for_test
        TYPE: LIBRARY
        SOURCES: src/cuda_opencv/shape_detector_cuda_opencv.cu;src/shared/shared_utils.cpp;src/shared/shared_utils.cu;src/cuda_opencv/utils_cuda_opencv.cu;src/debug.cpp;src/debug.cu
        LIBRARY_TYPE: 
        INCLUDES: 
        LINK_LIBS: opencv_calib3d;opencv_core;opencv_dnn;opencv_features2d;opencv_flann;opencv_gapi;opencv_highgui;opencv_imgcodecs;opencv_imgproc;opencv_ml;opencv_objdetect;opencv_photo;opencv_stitching;opencv_video;opencv_videoio;opencv_aruco;opencv_bgsegm;opencv_bioinspired;opencv_ccalib;opencv_cudaarithm;opencv_cudabgsegm;opencv_cudacodec;opencv_cudafeatures2d;opencv_cudafilters;opencv_cudaimgproc;opencv_cudalegacy;opencv_cudaobjdetect;opencv_cudaoptflow;opencv_cudastereo;opencv_cudawarping;opencv_cudev;opencv_datasets;opencv_dnn_objdetect;opencv_dnn_superres;opencv_dpm;opencv_face;opencv_freetype;opencv_fuzzy;opencv_hfs;opencv_img_hash;opencv_intensity_transform;opencv_line_descriptor;opencv_mcc;opencv_optflow;opencv_phase_unwrapping;opencv_plot;opencv_quality;opencv_rapid;opencv_reg;opencv_rgbd;opencv_saliency;opencv_shape;opencv_signal;opencv_stereo;opencv_structured_light;opencv_superres;opencv_surface_matching;opencv_text;opencv_tracking;opencv_videostab;opencv_wechat_qrcode;opencv_xfeatures2d;opencv_ximgproc;opencv_xobjdetect;opencv_xphoto;opencv_cudaimgproc;cuda
        DEFINES: ENABLE_DEBUG_IMAGES;ON;DEBUG_IMAGE_DIR="/home/arthur/Desktop/triangle_detector_cpp.Project/tests/current_output/debug";TEST_OUTPUT_DIRECTORY="/home/arthur/Desktop/triangle_detector_cpp.Project/tests/current_output";TEST_OUTPUT_ARCHIVE_DIRECTORY="/home/arthur/Desktop/triangle_detector_cpp.Project/tests/archive_current_output"
        OUTPUT_DIR: 
    
add_custom_target: triangle_detector_cpp_demo
        TYPE: EXECUTABLE
        SOURCES: demo/demo_cpp.cpp
        LIBRARY_TYPE: 
        INCLUDES: 
        LINK_LIBS: triangle_detector_cpu_logic
        DEFINES: 
        OUTPUT_DIR: /home/arthur/Desktop/triangle_detector_cpp.Project/demo/out
    
add_postbuild_clear_output: triangle_detector_cpp_demo
        OUTPUT_DIRS: /home/arthur/Desktop/triangle_detector_cpp.Project/demo/out
    
add_gtest_exec: triangle_detector_cpp_tests
        SOURCES: tests/test_logic.cpp;tests/triangle_cpp_test.cpp;tests/utils_cpp_test.cpp
        LIBS_TO_LINK: triangle_detector_cpp_for_test
        OUTPUT_DIRS: /home/arthur/Desktop/triangle_detector_cpp.Project/tests/current_output;/home/arthur/Desktop/triangle_detector_cpp.Project/tests/archive_current_output
        DEPENDENCIES: 
    
add_postbuild_clear_output: triangle_detector_cpp_tests
        OUTPUT_DIRS: /home/arthur/Desktop/triangle_detector_cpp.Project/tests/current_output
    
add_postbuild_clear_output: triangle_detector_cpp_tests
        OUTPUT_DIRS: /home/arthur/Desktop/triangle_detector_cpp.Project/tests/archive_current_output
    
add_gtest_exec: triangle_detector_cuda_opencv_tests
        SOURCES: tests/test_logic.cpp;tests/triangle_cuda_opencv_test.cpp
        LIBS_TO_LINK: triangle_detector_cuda_opencv_for_test
        OUTPUT_DIRS: /home/arthur/Desktop/triangle_detector_cpp.Project/tests/current_output;/home/arthur/Desktop/triangle_detector_cpp.Project/tests/archive_current_output
        DEPENDENCIES: 
    
add_postbuild_clear_output: triangle_detector_cuda_opencv_tests
        OUTPUT_DIRS: /home/arthur/Desktop/triangle_detector_cpp.Project/tests/current_output
    
add_postbuild_clear_output: triangle_detector_cuda_opencv_tests
        OUTPUT_DIRS: /home/arthur/Desktop/triangle_detector_cpp.Project/tests/archive_current_output
    
add_gtest_exec: run_all_tests
        SOURCES: tests/run_all_tests.cpp
        LIBS_TO_LINK: 
        OUTPUT_DIRS: /home/arthur/Desktop/triangle_detector_cpp.Project/tests/current_output;/home/arthur/Desktop/triangle_detector_cpp.Project/tests/archive_current_output
        DEPENDENCIES: triangle_detector_cpp_tests;triangle_detector_cuda_opencv_tests
    
add_postbuild_clear_output: run_all_tests
        OUTPUT_DIRS: /home/arthur/Desktop/triangle_detector_cpp.Project/tests/current_output
    
add_postbuild_clear_output: run_all_tests
        OUTPUT_DIRS: /home/arthur/Desktop/triangle_detector_cpp.Project/tests/archive_current_output
    
